make all PROJECT=armemu-test --print-data-base --no-builtin-variables --no-builtin-rules --question
# GNU Make 4.2.1
# Built for x86_64-pc-linux-gnu
# Copyright (C) 1988-2016 Free Software Foundation, Inc.
# License GPLv3+: GNU GPL version 3 or later <http://gnu.org/licenses/gpl.html>
# This is free software: you are free to change and redistribute it.
# There is NO WARRANTY, to the extent permitted by law.

# Make data base, printed on Wed Mar 30 20:26:47 2022

# Variables

# 'override' directive
GNUMAKEFLAGS := 
# automatic
<D = $(patsubst %/,%,$(dir $<))
# automatic
?F = $(notdir $?)
# makefile (from 'makefile', line 11)
DIRS := ../obj/Base/ ../obj/Base/Bob/ ../obj/Base/LogFile/ ../obj/Base/MySQL/ ../obj/Base/Socket/ ../obj/Base/Thread/ ../obj/HTMLSocket/ ../obj/Trader/ ../obj/Trader/AIModules/ ../obj/Trader/Controller/ ../obj/Trader/MarketInterface/ ../obj/Trader/WebUI/
# environment
DESKTOP_SESSION = ubuntu
# automatic
-*-command-variables-*- := PROJECT=armemu-test
# default
.SHELLFLAGS := -c
# environment
XDG_SESSION_CLASS = user
# environment
SNAP_COMMON = /var/snap/code/common
# environment
XDG_SESSION_TYPE = x11
# environment
VSCODE_LOG_NATIVE = false
# automatic
?D = $(patsubst %/,%,$(dir $?))
# environment
IM_CONFIG_PHASE = 1
# automatic
@D = $(patsubst %/,%,$(dir $@))
# environment
XAUTHORITY = /run/user/1000/gdm/Xauthority
# environment
GDMSESSION = ubuntu
# environment
XMODIFIERS = @im=ibus
# makefile
CURDIR := /home/jan/Data/C++/Krypto/Krypto
# makefile
SHELL = /bin/sh
# environment
SNAP_DATA = /var/snap/code/91
# environment
VSCODE_NLS_CONFIG = {"locale":"en-us","availableLanguages":{},"_languagePackSupport":true}
# environment
JOURNAL_STREAM = 8:42765
# environment
XDG_CONFIG_DIRS = /etc/xdg/xdg-ubuntu:/etc/xdg
# environment
SNAP_INSTANCE_NAME = code
# environment
SNAP_ARCH = amd64
# makefile (from 'makefile', line 1)
MAKEFILE_LIST :=  makefile
# automatic
@F = $(notdir $@)
# environment
GIO_LAUNCHED_DESKTOP_FILE = /var/lib/snapd/desktop/applications/code_code.desktop
# environment
USERNAME = jan
# makefile (from 'makefile', line 2)
OBJ_DIR := ../obj
# makefile (from 'makefile', line 16)
CXXFLAGS := _DEBUG
# environment
MAKELEVEL := 0
# environment
XDG_DATA_DIRS = /usr/share/ubuntu:/usr/local/share/:/usr/share/:/var/lib/snapd/desktop
# environment
DBUS_SESSION_BUS_ADDRESS = unix:path=/run/user/1000/bus
# environment
VSCODE_VERBOSE_LOGGING = true
# environment
_ = /snap/code/91/usr/share/code/code
# makefile (from 'makefile', line 14)
CPPFLAGS := -ggdb -pthread
# environment
MANAGERPID = 1035
# environment
LESSOPEN = | /usr/bin/lesspipe %s
# environment
LC_NAME = de_DE.UTF-8
# environment
VSCODE_CWD = /home/jan
# environment
GSETTINGS_SCHEMA_DIR = /snap/code/91/usr/share/glib-2.0/schemas
# default
MAKE_HOST := x86_64-pc-linux-gnu
# makefile (from 'makefile', line 5)
OBJ_FILES := ../obj/HTMLSocket/HTMLSocket.o ../obj/Base/ConfigFile.o ../obj/Base/Bob.o ../obj/Base/ErrorID.o ../obj/Base/String.o ../obj/Trader/main_service.o ../obj/Trader/MarketManager.o ../obj/Trader/MarketDataContainer.o ../obj/Trader/UIPanel.o ../obj/Trader/OrderbookDatabase.o ../obj/Trader/TradeAccountSimulation.o ../obj/Trader/AIModule.o ../obj/Trader/TradeAccount.o ../obj/Trader/PriceDatabase.o ../obj/Trader/main.o ../obj/Trader/AssetsToTrade.o ../obj/Trader/MarketManagerSimulation.o ../obj/Trader/TradeTransactionInfos.o ../obj/Base/MySQL/Table.o ../obj/Base/MySQL/Connection.o ../obj/Base/MySQL/Result.o ../obj/Base/LogFile/LogStream.o ../obj/Base/LogFile/LogFile.o ../obj/Base/LogFile/LogFileEntry.o ../obj/Base/LogFile/LogFileSupport.o ../obj/Base/Bob/BobDatabaseFile.o ../obj/Base/Bob/BobList.o ../obj/Base/Bob/BobTemplate.o ../obj/Base/Bob/BobObject.o ../obj/Base/Bob/BobData.o ../obj/Base/Socket/HTTPClient.o ../obj/Base/Socket/BaseClient.o ../obj/Base/Socket/HTTPServer.o ../obj/Base/Socket/BaseServer.o ../obj/Base/Thread/JobSystem.o ../obj/Base/Thread/Clock.o ../obj/Base/Thread/Mutex.o ../obj/Base/Thread/Loop.o ../obj/Base/Thread/Event.o ../obj/Trader/WebUI/Server.o ../obj/Trader/WebUI/Page.o ../obj/Trader/WebUI/Client.o ../obj/Trader/WebUI/StdModule.o ../obj/Trader/Controller/ServiceFunctions.o ../obj/Trader/MarketInterface/KrakenSocket.o ../obj/Trader/MarketInterface/MarketInterface.o ../obj/Trader/MarketInterface/KrakenHelper.o ../obj/Trader/AIModules/SimpleSafe.o ../obj/Trader/AIModules/SimpleMAExtremum.o
# environment
PATH = /usr/local/sbin:/usr/local/bin:/usr/sbin:/usr/bin:/sbin:/bin:/usr/games:/usr/local/games:/snap/bin
# environment
GPG_AGENT_INFO = /run/user/1000/gnupg/S.gpg-agent:0:1
# environment
SESSION_MANAGER = local/ideapad-ubuntu:@/tmp/.ICE-unix/1415,unix/ideapad-ubuntu:/tmp/.ICE-unix/1415
# environment
XDG_RUNTIME_DIR = /run/user/1000
# environment
GDK_PIXBUF_MODULE_FILE = /home/jan/snap/code/common/.cache/gdk-pixbuf-loaders.cache
# makefile (from 'makefile', line 20)
LIB_INCLUDE := 
# command line
PROJECT = armemu-test
# environment
SNAP = /snap/code/91
# environment
SNAP_VERSION = c722ca6c
# environment
XDG_MENU_PREFIX = gnome-
# environment
VSCODE_LOG_STACK = false
# environment
DISABLE_WAYLAND = 1
# environment
ELECTRON_RUN_AS_NODE = 1
# environment
INVOCATION_ID = 5f2e3f560a3a465d9043458054cb744a
# makefile (from 'makefile', line 13)
LDFLAGS := -pthread -lncursesw -ggdb -lssl -lcrypto -lstdc++fs
# environment
GDK_PIXBUF_MODULEDIR = /snap/code/91/usr/lib/x86_64-linux-gnu/gdk-pixbuf-2.0/2.10.0/loaders
# default
.FEATURES := target-specific order-only second-expansion else-if shortest-stem undefine oneshell archives jobserver output-sync check-symlink load
# environment
LS_COLORS = 
# environment
XDG_SESSION_DESKTOP = ubuntu
# environment
SSH_AUTH_SOCK = /run/user/1000/keyring/ssh
# environment
GIO_LAUNCHED_DESKTOP_FILE_PID = 2828
# automatic
%F = $(notdir $%)
# environment
DISPLAY = :0
# environment
VSCODE_PIPE_LOGGING = true
# environment
SNAP_INSTANCE_KEY = 
# environment
PWD = /home/jan/Data/C++/Krypto/Krypto
# default
.LOADED := 
# environment
SSH_AGENT_PID = 1322
# environment
ORIGINAL_XDG_CURRENT_DESKTOP = ubuntu:GNOME
# makefile (from 'makefile', line 1)
SRC_DIR := src
# environment
GTK_MODULES = gail:atk-bridge
# environment
VSCODE_AMD_ENTRYPOINT = vs/workbench/api/node/extensionHostProcess
# environment
HOME = /home/jan
# environment
LESSCLOSE = /usr/bin/lesspipe %s %s
# environment
VSCODE_CLI = 1
# makefile (from 'makefile', line 6)
REM_FILES :=  ../obj/HTMLSocket/HTMLSocket.o ../obj/Base/String.o ../obj/Base/ConfigFile.o ../obj/Base/Bob.o ../obj/Base/ErrorID.o ../obj/Trader/TradeAccount.o ../obj/Trader/main_service.o ../obj/Trader/AIModule.o ../obj/Trader/PriceDatabase.o ../obj/Trader/main.o ../obj/Trader/AssetsToTrade.o ../obj/Trader/MarketManagerSimulation.o ../obj/Trader/TradeTransactionInfos.o ../obj/Trader/MarketManager.o ../obj/Trader/MarketDataContainer.o ../obj/Trader/UIPanel.o ../obj/Trader/OrderbookDatabase.o ../obj/Trader/TradeAccountSimulation.o ../obj/Base/MySQL/Result.o ../obj/Base/MySQL/Table.o ../obj/Base/MySQL/Connection.o ../obj/Base/LogFile/LogFileEntry.o ../obj/Base/LogFile/LogFileSupport.o ../obj/Base/LogFile/LogStream.o ../obj/Base/LogFile/LogFile.o ../obj/Base/Bob/BobObject.o ../obj/Base/Bob/BobData.o ../obj/Base/Bob/BobDatabaseFile.o ../obj/Base/Bob/BobList.o ../obj/Base/Bob/BobTemplate.o ../obj/Base/Socket/BaseClient.o ../obj/Base/Socket/BaseServer.o ../obj/Base/Socket/HTTPServer.o ../obj/Base/Socket/HTTPClient.o ../obj/Base/Thread/Clock.o ../obj/Base/Thread/Mutex.o ../obj/Base/Thread/Loop.o ../obj/Base/Thread/Event.o ../obj/Base/Thread/JobSystem.o ../obj/Trader/WebUI/Page.o ../obj/Trader/WebUI/StdModule.o ../obj/Trader/WebUI/Server.o ../obj/Trader/WebUI/Client.o ../obj/Trader/MarketInterface/KrakenSocket.o ../obj/Trader/MarketInterface/MarketInterface.o ../obj/Trader/MarketInterface/KrakenHelper.o ../obj/Trader/Controller/ServiceFunctions.o ../obj/Trader/AIModules/SimpleMAExtremum.o ../obj/Trader/AIModules/SimpleSafe.o
# environment
VSCODE_CODE_CACHE_PATH = /home/jan/.config/Code/CachedData/c722ca6c7eed3d7987c0d5c3df5c45f6b15e77d1
# environment
LOGNAME = jan
# environment
APPLICATION_INSIGHTS_NO_DIAGNOSTIC_CHANNEL = 1
# environment
SNAP_LIBRARY_PATH = /var/lib/snapd/lib/gl:/var/lib/snapd/lib/gl32:/var/lib/snapd/void
# environment
SNAP_CONTEXT = XiPUo2bWhbO7d-yo125kumOXD2cqDZadJxBoywGvWUtRHaQUguyW
# automatic
+F = $(notdir $+)
# environment
ELECTRON_NO_ATTACH_CONSOLE = 1
# environment
SNAP_USER_COMMON = /home/jan/snap/code/common
# environment
VSCODE_HANDLES_UNCAUGHT_ERRORS = true
# environment
GNOME_DESKTOP_SESSION_ID = this-is-deprecated
# automatic
^D = $(patsubst %/,%,$(dir $^))
# environment
LC_TIME = de_DE.UTF-8
# environment
SNAP_REAL_HOME = /home/jan
# default
MAKE = $(MAKE_COMMAND)
# default
MAKECMDGOALS := all
# environment
QT_IM_MODULE = ibus
# environment
SNAP_USER_DATA = /home/jan/snap/code/91
# environment
SHLVL = 0
# environment
MAKEOVERRIDES = ${-*-command-variables-*-}
# environment
GNOME_SHELL_SESSION_MODE = ubuntu
# environment
VSCODE_IPC_HOOK_EXTHOST = /run/user/1000/vscode-ipc-7568bd81-f001-4648-b2ba-3cbcb151a793.sock
# default
MAKE_VERSION := 4.2.1
# environment
USER = jan
# environment
SNAP_REVISION = 91
# environment
LC_MONETARY = de_DE.UTF-8
# makefile
.DEFAULT_GOAL := all
# environment
XDG_CURRENT_DESKTOP = Unity
# automatic
%D = $(patsubst %/,%,$(dir $%))
# environment
LC_TELEPHONE = de_DE.UTF-8
# default
MAKE_COMMAND := make
# default
.VARIABLES := 
# automatic
*F = $(notdir $*)
# environment
VSCODE_IPC_HOOK = /run/user/1000/vscode-304b7496-1.65.2-main.sock
# environment
BAMF_DESKTOP_FILE_HINT = /var/lib/snapd/desktop/applications/code_code.desktop
# makefile
MAKEFLAGS = pqrR -- $(MAKEOVERRIDES)
# environment
MFLAGS = -pqrR
# automatic
*D = $(patsubst %/,%,$(dir $*))
# automatic
+D = $(patsubst %/,%,$(dir $+))
# environment
GDK_BACKEND = x11
# environment
LC_PAPER = de_DE.UTF-8
# environment
LC_IDENTIFICATION = de_DE.UTF-8
# environment
QT_ACCESSIBILITY = 1
# default
MAKEFILES := 
# environment
SNAP_COOKIE = XiPUo2bWhbO7d-yo125kumOXD2cqDZadJxBoywGvWUtRHaQUguyW
# environment
LC_NUMERIC = de_DE.UTF-8
# automatic
<F = $(notdir $<)
# environment
LC_MEASUREMENT = de_DE.UTF-8
# environment
SNAP_NAME = code
# makefile (from 'makefile', line 3)
DLL_DIR := dll
# environment
LC_ALL = C
# makefile (from 'makefile', line 18)
LIBRARIES := -lcurl -lncursesw -lssl -lcrypto -lmysqlcppconn -lstdc++fs
# environment
GJS_DEBUG_TOPICS = JS ERROR;JS LOG
 
# makefile (from 'makefile', line 19)
LIB_FOLDER := 
# automatic
^F = $(notdir $^)
# makefile (from 'makefile', line 4)
SRC_FILES :=  src/HTMLSocket/HTMLSocket.cpp src/Base/ConfigFile.cpp src/Base/Bob.cpp src/Base/ErrorID.cpp src/Base/String.cpp src/Trader/main_service.cpp src/Trader/MarketManager.cpp src/Trader/MarketDataContainer.cpp src/Trader/UIPanel.cpp src/Trader/OrderbookDatabase.cpp src/Trader/TradeAccountSimulation.cpp src/Trader/AIModule.cpp src/Trader/TradeAccount.cpp src/Trader/PriceDatabase.cpp src/Trader/main.cpp src/Trader/AssetsToTrade.cpp src/Trader/MarketManagerSimulation.cpp src/Trader/TradeTransactionInfos.cpp src/Base/MySQL/Table.cpp src/Base/MySQL/Connection.cpp src/Base/MySQL/Result.cpp src/Base/LogFile/LogStream.cpp src/Base/LogFile/LogFile.cpp src/Base/LogFile/LogFileEntry.cpp src/Base/LogFile/LogFileSupport.cpp src/Base/Bob/BobDatabaseFile.cpp src/Base/Bob/BobList.cpp src/Base/Bob/BobTemplate.cpp src/Base/Bob/BobObject.cpp src/Base/Bob/BobData.cpp src/Base/Socket/HTTPClient.cpp src/Base/Socket/BaseClient.cpp src/Base/Socket/HTTPServer.cpp src/Base/Socket/BaseServer.cpp src/Base/Thread/JobSystem.cpp src/Base/Thread/Clock.cpp src/Base/Thread/Mutex.cpp src/Base/Thread/Loop.cpp src/Base/Thread/Event.cpp src/Trader/WebUI/Server.cpp src/Trader/WebUI/Page.cpp src/Trader/WebUI/Client.cpp src/Trader/WebUI/StdModule.cpp src/Trader/Controller/ServiceFunctions.cpp src/Trader/MarketInterface/KrakenSocket.cpp src/Trader/MarketInterface/MarketInterface.cpp src/Trader/MarketInterface/KrakenHelper.cpp src/Trader/AIModules/SimpleSafe.cpp src/Trader/AIModules/SimpleMAExtremum.cpp
# default
SUFFIXES := 
# environment
SNAP_REEXEC = 
# environment
CHROME_DESKTOP = code-url-handler.desktop
# environment
WINDOWPATH = 2
# default
.INCLUDE_DIRS = /usr/include /usr/local/include /usr/include
# makefile (from 'makefile', line 7)
DLL_FILES := 
# environment
GJS_DEBUG_OUTPUT = stderr
# default
.RECIPEPREFIX := 
# environment
LC_ADDRESS = de_DE.UTF-8
# makefile (from 'makefile', line 10)
DIR_STRUCTUR := ../obj/Base/Bob.cpp ../obj/Base/Bob/BobData.cpp ../obj/Base/Bob/BobDatabaseFile.cpp ../obj/Base/Bob/BobList.cpp ../obj/Base/Bob/BobObject.cpp ../obj/Base/Bob/BobTemplate.cpp ../obj/Base/ConfigFile.cpp ../obj/Base/ErrorID.cpp ../obj/Base/LogFile/LogFile.cpp ../obj/Base/LogFile/LogFileEntry.cpp ../obj/Base/LogFile/LogFileSupport.cpp ../obj/Base/LogFile/LogStream.cpp ../obj/Base/MySQL/Connection.cpp ../obj/Base/MySQL/Result.cpp ../obj/Base/MySQL/Table.cpp ../obj/Base/Socket/BaseClient.cpp ../obj/Base/Socket/BaseServer.cpp ../obj/Base/Socket/HTTPClient.cpp ../obj/Base/Socket/HTTPServer.cpp ../obj/Base/String.cpp ../obj/Base/Thread/Clock.cpp ../obj/Base/Thread/Event.cpp ../obj/Base/Thread/JobSystem.cpp ../obj/Base/Thread/Loop.cpp ../obj/Base/Thread/Mutex.cpp ../obj/HTMLSocket/HTMLSocket.cpp ../obj/Trader/AIModule.cpp ../obj/Trader/AIModules/SimpleMAExtremum.cpp ../obj/Trader/AIModules/SimpleSafe.cpp ../obj/Trader/AssetsToTrade.cpp ../obj/Trader/Controller/ServiceFunctions.cpp ../obj/Trader/MarketDataContainer.cpp ../obj/Trader/MarketInterface/KrakenHelper.cpp ../obj/Trader/MarketInterface/KrakenSocket.cpp ../obj/Trader/MarketInterface/MarketInterface.cpp ../obj/Trader/MarketManager.cpp ../obj/Trader/MarketManagerSimulation.cpp ../obj/Trader/OrderbookDatabase.cpp ../obj/Trader/PriceDatabase.cpp ../obj/Trader/TradeAccount.cpp ../obj/Trader/TradeAccountSimulation.cpp ../obj/Trader/TradeTransactionInfos.cpp ../obj/Trader/UIPanel.cpp ../obj/Trader/WebUI/Client.cpp ../obj/Trader/WebUI/Page.cpp ../obj/Trader/WebUI/Server.cpp ../obj/Trader/WebUI/StdModule.cpp ../obj/Trader/main.cpp ../obj/Trader/main_service.cpp
# environment
LANG = C
# environment
VSCODE_PID = 2874
# variable set hash-table stats:
# Load=147/1024=14%, Rehash=0, Collisions=40/196=20%

# Pattern-specific Variable Values

# No pattern-specific variable values.

# Directories

# src/jsconfig.json (device 66309, inode 8258944): could not be opened.
# src/Base/DEFINES.h (device 66309, inode 8257656): could not be opened.
# src/WebUIFiles/style (device 66309, inode 8390931): 3 files, no impossibilities.
# src/Base/MySQL (device 66309, inode 8257671): 8 files, no impossibilities.
# src/template.h (device 66309, inode 8258945): could not be opened.
# ../obj/Trader/PriceDatabase.o (device 66309, inode 8257899): could not be opened.
# src/Base/Thread (device 66309, inode 8257681): 14 files, no impossibilities.
# src/Trader/TradeTransactionInfos.cpp (device 66309, inode 8258702): could not be opened.
# src/Trader (device 66309, inode 8257698): 31 files, no impossibilities.
# src/Base/Socket (device 66309, inode 8257674): 10 files, no impossibilities.
# ../obj/Base/MySQL (device 66309, inode 8260546): 5 files, no impossibilities.
# src/HTMLSocket/HTMLSocket.cpp (device 66309, inode 8257696): could not be opened.
# src/Trader/WebUI (device 66309, inode 8259255): 10 files, no impossibilities.
# src/Trader/OrderbookDatabase.h (device 66309, inode 8258918): could not be opened.
# ../obj/Trader/MarketDataContainer.o (device 66309, inode 8257893): could not be opened.
# ../obj (device 66309, inode 8260542): 5 files, no impossibilities.
# src/Base/LogFile (device 66309, inode 8257661): 11 files, no impossibilities.
# ../obj/Trader/TradeTransactionInfos.o (device 66309, inode 8257907): could not be opened.
# . (device 66309, inode 8257562): 12 files, no impossibilities.
# src/Base/String.cpp (device 66309, inode 8257679): could not be opened.
# src/Trader/main.cpp (device 66309, inode 8258715): could not be opened.
# ../obj/HTMLSocket (device 66309, inode 8260549): 3 files, no impossibilities.
# src/Trader/MarketDataContainer.cpp (device 66309, inode 8258907): could not be opened.
# ../obj/HTMLSocket/HTMLSocket.o (device 66309, inode 8257555): could not be opened.
# src/Base/Bob.cpp (device 66309, inode 8257641): could not be opened.
# src/Trader/AssetsToTrade.h (device 66309, inode 8258899): could not be opened.
# src/Trader/MarketManager.h (device 66309, inode 8258953): could not be opened.
# src/Trader/main_service.cpp (device 66309, inode 8258941): could not be opened.
# src/Base/ConfigFile.cpp (device 66309, inode 8257654): could not be opened.
# ../obj/Base/Bob.o (device 66309, inode 8257854): could not be opened.
# ../obj/Trader/main.o (device 66309, inode 8257900): could not be opened.
# src/Trader/Controller (device 66309, inode 8261039): 4 files, no impossibilities.
# src/Trader/AIModule.h (device 66309, inode 8257700): could not be opened.
# src/Trader/MarketManagerSimulation.h (device 66309, inode 8258740): could not be opened.
# ../obj/Base/LogFile (device 66309, inode 8260545): 6 files, no impossibilities.
# ../obj/Trader/main_service.o (device 66309, inode 8257869): could not be opened.
# src/Base/ErrorID.cpp (device 66309, inode 8257659): could not be opened.
# src/Base/BaseDll.h (device 66309, inode 8257640): could not be opened.
# src/Base (device 66309, inode 8257639): 19 files, no impossibilities.
# src/Trader/TradeAccount.h (device 66309, inode 8258925): could not be opened.
# dll: could not be stat'd.
# src/Trader/OrderbookDatabase.cpp (device 66309, inode 8258917): could not be opened.
# ../obj/Base/Thread (device 66309, inode 8260548): 7 files, no impossibilities.
# src/Base/ERROR_CODES.h (device 66309, inode 8257657): could not be opened.
# ../obj/Trader (device 66309, inode 8260550): 19 files, no impossibilities.
# src/Base/Bob.h (device 66309, inode 8257642): could not be opened.
# ../obj/Base/Socket (device 66309, inode 8260547): 6 files, no impossibilities.
# src/Trader/MarketInterface (device 66309, inode 8260453): 8 files, no impossibilities.
# ../obj/Trader/WebUI (device 66309, inode 8259494): 6 files, no impossibilities.
# ../obj/Base/String.o (device 66309, inode 8257858): could not be opened.
# ../obj/Base/Bob (device 66309, inode 8260544): 7 files, no impossibilities.
# ../obj/Base/ConfigFile.o (device 66309, inode 8257558): could not be opened.
# src/Trader/AssetsToTrade.cpp (device 66309, inode 8258897): could not be opened.
# ../obj/Trader/OrderbookDatabase.o (device 66309, inode 8257895): could not be opened.
# src/Trader/AIModules (device 66309, inode 8257701): 6 files, no impossibilities.
# src/Trader/MarketManager.cpp (device 66309, inode 8258954): could not be opened.
# src/Trader/TradeAccountSimulation.h (device 66309, inode 8258929): could not be opened.
# src/Trader/UIPanel.h (device 66309, inode 8258937): could not be opened.
# src/Trader/PriceDatabase.h (device 66309, inode 8258922): could not be opened.
# src/Trader/DEFINES.h (device 66309, inode 8258905): could not be opened.
# src/Trader/AIModule.cpp (device 66309, inode 8257699): could not be opened.
# src/Trader/MarketManagerSimulation.cpp (device 66309, inode 8258855): could not be opened.
# ../obj/Trader/MarketManager.o (device 66309, inode 8257892): could not be opened.
# ../obj/Trader/Controller (device 66309, inode 8389785): 3 files, no impossibilities.
# src/Trader/TradeAccount.cpp (device 66309, inode 8258924): could not be opened.
# src/Trader/MarketDataContainer.h (device 66309, inode 8258909): could not be opened.
# src (device 66309, inode 8257638): 9 files, no impossibilities.
# ../obj/Trader/AIModule.o (device 66309, inode 8257897): could not be opened.
# ../obj/Trader/MarketManagerSimulation.o (device 66309, inode 8257906): could not be opened.
# src/WebUIFiles/index.html (device 66309, inode 8388617): could not be opened.
# src/Base/EVENTS.h (device 66309, inode 8257658): could not be opened.
# ../obj/Base (device 66309, inode 8260543): 11 files, no impossibilities.
# src/Trader/TradeTransactionInfos.h (device 66309, inode 8257712): could not be opened.
# src/ERROR_CODES.h (device 66309, inode 8257694): could not be opened.
# ../obj/Trader/TradeAccount.o (device 66309, inode 8257898): could not be opened.
# src/HTMLSocket/HTMLSocket.h (device 66309, inode 8257697): could not be opened.
# src/HTMLSocket (device 66309, inode 8257695): 4 files, no impossibilities.
# ../obj/Base/ErrorID.o (device 66309, inode 8257855): could not be opened.
# ../obj/Trader/MarketInterface (device 66309, inode 8260552): 5 files, no impossibilities.
# src/Trader/TradeAccountSimulation.cpp (device 66309, inode 8258927): could not be opened.
# src/Base/Bob (device 66309, inode 8257643): 12 files, no impossibilities.
# src/Base/ConfigFile.h (device 66309, inode 8257655): could not be opened.
# src/Trader/UIPanel.cpp (device 66309, inode 8258935): could not be opened.
# src/Base/String.h (device 66309, inode 8257680): could not be opened.
# src/WebUIFiles (device 66309, inode 8390928): 5 files, no impossibilities.
# ../obj/Trader/AssetsToTrade.o (device 66309, inode 8257904): could not be opened.
# ../obj/Trader/AIModules (device 66309, inode 8260551): 4 files, no impossibilities.
# src/Trader/PriceDatabase.cpp (device 66309, inode 8258684): could not be opened.
# src/WebUIFiles/script (device 66309, inode 8390930): 8 files, no impossibilities.
# ../obj/Trader/TradeAccountSimulation.o (device 66309, inode 8257896): could not be opened.
# src/Base/ErrorID.h (device 66309, inode 8257660): could not be opened.
# ../obj/Trader/UIPanel.o (device 66309, inode 8257894): could not be opened.

# 261 files, no impossibilities in 92 directories.

# Implicit Rules

../obj/%.o: src/%.cpp
#  recipe to execute (from 'makefile', line 81):
	g++ $(CPPFLAGS) -D$(CXXFLAGS) -c -o $@ $< $(LIB_INCLUDE)
	

# 1 implicit rules, 0 (0.0%) terminal.

# Files

# Not a target:
../obj/Base/Socket/BaseServer.o:
#  Implicit rule search has not been done.
#  Modification time never checked.
#  File has not been updated.

# Not a target:
../obj/Trader/AIModules/SimpleSafe.o:
#  Implicit rule search has not been done.
#  Modification time never checked.
#  File has not been updated.

# Not a target:
../obj/Trader/MarketDataContainer.o:
#  Implicit rule search has not been done.
#  Modification time never checked.
#  File has not been updated.

# Not a target:
../obj/Trader/TradeTransactionInfos.o:
#  Implicit rule search has not been done.
#  Modification time never checked.
#  File has not been updated.

controller: create_dirs clean controller.run
#  Implicit rule search has not been done.
#  Modification time never checked.
#  File has not been updated.
#  recipe to execute (from 'makefile', line 65):
			

# Not a target:
../obj/Base/Bob/BobTemplate.o:
#  Implicit rule search has not been done.
#  Modification time never checked.
#  File has not been updated.

# Not a target:
../obj/HTMLSocket/HTMLSocket.o:
#  Implicit rule search has not been done.
#  Modification time never checked.
#  File has not been updated.

# Not a target:
../obj/Base/String.o:
#  Implicit rule search has not been done.
#  Modification time never checked.
#  File has not been updated.

# Not a target:
../obj/Base/LogFile/LogStream.o:
#  Implicit rule search has not been done.
#  Modification time never checked.
#  File has not been updated.

# Not a target:
../obj/Trader/OrderbookDatabase.o:
#  Implicit rule search has not been done.
#  Modification time never checked.
#  File has not been updated.

all: create_dirs main.run
#  Command line target.
#  Implicit rule search has been done.
#  File does not exist.
#  File has been updated.
#  Needs to be updated (-q is set).
# variable set hash-table stats:
# Load=0/32=0%, Rehash=0, Collisions=0/4=0%

# Not a target:
../obj/Trader/WebUI/StdModule.o:
#  Implicit rule search has not been done.
#  Modification time never checked.
#  File has not been updated.

.PHONY: clean
#  Implicit rule search has not been done.
#  Modification time never checked.
#  File has not been updated.
#  recipe to execute (from 'makefile', line 25):
	# g++: [infile -> $^] for linking
	# -m64[Generate code for a 32-bit or 64-bit environment.] 
	# -ggdb[Produce debugging information for use by GDB .] 
	# -DNAME defines a NAME like in .h
	# -shared[Produce a shared object which can then be linked with other objects to form an executable.] 
	# -static links libs statically
	# -o [outfilename]
	# -l [Search the library named library when linking.]
	# g++: [infile -> $<] for compiling
	# -Wall[enables all the warnings] 
	# -ansi[Specify the standard to which the code should conform] 
	# -DNAME defines a NAME like in .h
	# -static links libs statically
	# -pthread[Add support for multithreading using the POSIX threads library] 
	# -std=c++0x[The working draft of the upcoming ISO C ++ 0x standard. This option enables experimental features that are likely to be included in C ++ 0x.] 
	# -c [no linking] -o [outfilename]	
	# '%' matches filename.

# Not a target:
../obj/Trader/AssetsToTrade.o:
#  Implicit rule search has not been done.
#  Modification time never checked.
#  File has not been updated.

new: create_dirs clean main.run
#  Implicit rule search has not been done.
#  Modification time never checked.
#  File has not been updated.

create_dirs:
#  Implicit rule search has not been done.
#  Implicit/static pattern stem: ''
#  File does not exist.
#  File has been updated.
#  Needs to be updated (-q is set).
# automatic
# @ := create_dirs
# automatic
# % := 
# automatic
# * := 
# automatic
# + := 
# automatic
# | := 
# automatic
# < := 
# automatic
# ^ := 
 
# automatic
# ? := 
# variable set hash-table stats:
# Load=8/32=25%, Rehash=0, Collisions=1/12=8%
#  recipe to execute (from 'makefile', line 68):
	@echo 'create dirs:' 
	mkdir $(DIRS) -p	
	@echo '.' 		

# Not a target:
../obj/Base/Socket/HTTPClient.o:
#  Implicit rule search has not been done.
#  Modification time never checked.
#  File has not been updated.

# Not a target:
.SUFFIXES:
#  Implicit rule search has not been done.
#  Modification time never checked.
#  File has not been updated.

# Not a target:
../obj/Base/Bob/BobList.o:
#  Implicit rule search has not been done.
#  Modification time never checked.
#  File has not been updated.

# Not a target:
../obj/Trader/Controller/ServiceFunctions.o:
#  Implicit rule search has not been done.
#  Modification time never checked.
#  File has not been updated.

# Not a target:
makefile:
#  Implicit rule search has been done.
#  Last modified 2022-02-16 18:57:02.002042447
#  File has been updated.
#  Successfully updated.

# Not a target:
../obj/Trader/main_service.o:
#  Implicit rule search has not been done.
#  Modification time never checked.
#  File has not been updated.

# Not a target:
../obj/Base/ConfigFile.o:
#  Implicit rule search has not been done.
#  Modification time never checked.
#  File has not been updated.

# Not a target:
../obj/Base/Bob/BobObject.o:
#  Implicit rule search has not been done.
#  Modification time never checked.
#  File has not been updated.

# Not a target:
../obj/Base/LogFile/LogFileSupport.o:
#  Implicit rule search has not been done.
#  Modification time never checked.
#  File has not been updated.

Debug_Main_noClean: create_dirs main.run
#  Implicit rule search has not been done.
#  Modification time never checked.
#  File has not been updated.

# Not a target:
../obj/Trader/MarketManager.o:
#  Implicit rule search has not been done.
#  Modification time never checked.
#  File has not been updated.

# Not a target:
../obj/Base/Socket/HTTPServer.o:
#  Implicit rule search has not been done.
#  Modification time never checked.
#  File has not been updated.

# Not a target:
../obj/Trader/TradeAccount.o:
#  Implicit rule search has not been done.
#  Modification time never checked.
#  File has not been updated.

# Not a target:
../obj/Base/Bob/BobDatabaseFile.o:
#  Implicit rule search has not been done.
#  Modification time never checked.
#  File has not been updated.

# Not a target:
../obj/Base/MySQL/Table.o:
#  Implicit rule search has not been done.
#  Modification time never checked.
#  File has not been updated.

# Not a target:
../obj/Trader/UIPanel.o:
#  Implicit rule search has not been done.
#  Modification time never checked.
#  File has not been updated.

# Not a target:
../obj/Trader/PriceDatabase.o:
#  Implicit rule search has not been done.
#  Modification time never checked.
#  File has not been updated.

# Not a target:
../obj/Base/Thread/JobSystem.o:
#  Implicit rule search has not been done.
#  Modification time never checked.
#  File has not been updated.

# Not a target:
../obj/Trader/AIModules/SimpleMAExtremum.o:
#  Implicit rule search has not been done.
#  Modification time never checked.
#  File has not been updated.

main.run: ../obj/HTMLSocket/HTMLSocket.o ../obj/Base/ConfigFile.o ../obj/Base/Bob.o ../obj/Base/ErrorID.o ../obj/Base/String.o ../obj/Trader/main_service.o ../obj/Trader/MarketManager.o ../obj/Trader/MarketDataContainer.o ../obj/Trader/UIPanel.o ../obj/Trader/OrderbookDatabase.o ../obj/Trader/TradeAccountSimulation.o ../obj/Trader/AIModule.o ../obj/Trader/TradeAccount.o ../obj/Trader/PriceDatabase.o ../obj/Trader/main.o ../obj/Trader/AssetsToTrade.o ../obj/Trader/MarketManagerSimulation.o ../obj/Trader/TradeTransactionInfos.o ../obj/Base/MySQL/Table.o ../obj/Base/MySQL/Connection.o ../obj/Base/MySQL/Result.o ../obj/Base/LogFile/LogStream.o ../obj/Base/LogFile/LogFile.o ../obj/Base/LogFile/LogFileEntry.o ../obj/Base/LogFile/LogFileSupport.o ../obj/Base/Bob/BobDatabaseFile.o ../obj/Base/Bob/BobList.o ../obj/Base/Bob/BobTemplate.o ../obj/Base/Bob/BobObject.o ../obj/Base/Bob/BobData.o ../obj/Base/Socket/HTTPClient.o ../obj/Base/Socket/BaseClient.o ../obj/Base/Socket/HTTPServer.o ../obj/Base/Socket/BaseServer.o ../obj/Base/Thread/JobSystem.o ../obj/Base/Thread/Clock.o ../obj/Base/Thread/Mutex.o ../obj/Base/Thread/Loop.o ../obj/Base/Thread/Event.o ../obj/Trader/WebUI/Server.o ../obj/Trader/WebUI/Page.o ../obj/Trader/WebUI/Client.o ../obj/Trader/WebUI/StdModule.o ../obj/Trader/Controller/ServiceFunctions.o ../obj/Trader/MarketInterface/KrakenSocket.o ../obj/Trader/MarketInterface/MarketInterface.o ../obj/Trader/MarketInterface/KrakenHelper.o ../obj/Trader/AIModules/SimpleSafe.o ../obj/Trader/AIModules/SimpleMAExtremum.o
#  Implicit rule search has not been done.
#  Modification time never checked.
#  File has not been updated.
#  recipe to execute (from 'makefile', line 73):
	g++ $(LDFLAGS) -o ../$@ $^ $(LIB_FOLDER) $(LIBRARIES)

# Not a target:
../obj/Trader/main.o:
#  Implicit rule search has not been done.
#  Modification time never checked.
#  File has not been updated.

# Not a target:
../obj/Base/LogFile/LogFile.o:
#  Implicit rule search has not been done.
#  Modification time never checked.
#  File has not been updated.

# Not a target:
../obj/Trader/MarketInterface/MarketInterface.o:
#  Implicit rule search has not been done.
#  Modification time never checked.
#  File has not been updated.

# Not a target:
.DEFAULT:
#  Implicit rule search has not been done.
#  Modification time never checked.
#  File has not been updated.

# Not a target:
../obj/Base/MySQL/Result.o:
#  Implicit rule search has not been done.
#  Modification time never checked.
#  File has not been updated.

clean:
#  Phony target (prerequisite of .PHONY).
#  Implicit rule search has not been done.
#  File does not exist.
#  File has not been updated.
#  recipe to execute (from 'makefile', line 88):
	@echo 'remove files:'
	-rm $(REM_FILES)
	@echo '.' 	
	@echo $(value DIRS)

# Not a target:
../obj/Trader/AIModule.o:
#  Implicit rule search has not been done.
#  Modification time never checked.
#  File has not been updated.

# Not a target:
../obj/Base/Thread/Loop.o:
#  Implicit rule search has not been done.
#  Modification time never checked.
#  File has not been updated.

# Not a target:
../obj/Base/Thread/Mutex.o:
#  Implicit rule search has not been done.
#  Modification time never checked.
#  File has not been updated.

# Not a target:
../obj/Trader/MarketInterface/KrakenSocket.o:
#  Implicit rule search has not been done.
#  Modification time never checked.
#  File has not been updated.

# Not a target:
../obj/Trader/WebUI/Client.o:
#  Implicit rule search has not been done.
#  Modification time never checked.
#  File has not been updated.

# makefile (from 'makefile', line 75)
controller.run: CXXFLAGS += -DCOMPILE_CONTROLLER
controller.run: ../obj/HTMLSocket/HTMLSocket.o ../obj/Base/ConfigFile.o ../obj/Base/Bob.o ../obj/Base/ErrorID.o ../obj/Base/String.o ../obj/Trader/main_service.o ../obj/Trader/MarketManager.o ../obj/Trader/MarketDataContainer.o ../obj/Trader/UIPanel.o ../obj/Trader/OrderbookDatabase.o ../obj/Trader/TradeAccountSimulation.o ../obj/Trader/AIModule.o ../obj/Trader/TradeAccount.o ../obj/Trader/PriceDatabase.o ../obj/Trader/main.o ../obj/Trader/AssetsToTrade.o ../obj/Trader/MarketManagerSimulation.o ../obj/Trader/TradeTransactionInfos.o ../obj/Base/MySQL/Table.o ../obj/Base/MySQL/Connection.o ../obj/Base/MySQL/Result.o ../obj/Base/LogFile/LogStream.o ../obj/Base/LogFile/LogFile.o ../obj/Base/LogFile/LogFileEntry.o ../obj/Base/LogFile/LogFileSupport.o ../obj/Base/Bob/BobDatabaseFile.o ../obj/Base/Bob/BobList.o ../obj/Base/Bob/BobTemplate.o ../obj/Base/Bob/BobObject.o ../obj/Base/Bob/BobData.o ../obj/Base/Socket/HTTPClient.o ../obj/Base/Socket/BaseClient.o ../obj/Base/Socket/HTTPServer.o ../obj/Base/Socket/BaseServer.o ../obj/Base/Thread/JobSystem.o ../obj/Base/Thread/Clock.o ../obj/Base/Thread/Mutex.o ../obj/Base/Thread/Loop.o ../obj/Base/Thread/Event.o ../obj/Trader/WebUI/Server.o ../obj/Trader/WebUI/Page.o ../obj/Trader/WebUI/Client.o ../obj/Trader/WebUI/StdModule.o ../obj/Trader/Controller/ServiceFunctions.o ../obj/Trader/MarketInterface/KrakenSocket.o ../obj/Trader/MarketInterface/MarketInterface.o ../obj/Trader/MarketInterface/KrakenHelper.o ../obj/Trader/AIModules/SimpleSafe.o ../obj/Trader/AIModules/SimpleMAExtremum.o
#  Implicit rule search has not been done.
#  Modification time never checked.
#  File has not been updated.
# variable set hash-table stats:
# Load=1/32=3%, Rehash=0, Collisions=0/2=0%
#  recipe to execute (from 'makefile', line 77):
	g++ $(LDFLAGS) -o ../$@ $^ $(LIB_FOLDER) $(LIBRARIES)

# Not a target:
../obj/Base/Thread/Event.o:
#  Implicit rule search has not been done.
#  Modification time never checked.
#  File has not been updated.

# Not a target:
../obj/Base/Socket/BaseClient.o:
#  Implicit rule search has not been done.
#  Modification time never checked.
#  File has not been updated.

# Not a target:
../obj/Base/Bob.o:
#  Implicit rule search has not been done.
#  Modification time never checked.
#  File has not been updated.

# Not a target:
../obj/Trader/MarketInterface/KrakenHelper.o:
#  Implicit rule search has not been done.
#  Modification time never checked.
#  File has not been updated.

# Not a target:
../obj/Base/Bob/BobData.o:
#  Implicit rule search has not been done.
#  Modification time never checked.
#  File has not been updated.

# Not a target:
../obj/Base/Thread/Clock.o:
#  Implicit rule search has not been done.
#  Modification time never checked.
#  File has not been updated.

# Not a target:
../obj/Base/LogFile/LogFileEntry.o:
#  Implicit rule search has not been done.
#  Modification time never checked.
#  File has not been updated.

# Not a target:
../obj/Trader/MarketManagerSimulation.o:
#  Implicit rule search has not been done.
#  Modification time never checked.
#  File has not been updated.

# Not a target:
../obj/Base/MySQL/Connection.o:
#  Implicit rule search has not been done.
#  Modification time never checked.
#  File has not been updated.

# Not a target:
../obj/Trader/WebUI/Page.o:
#  Implicit rule search has not been done.
#  Modification time never checked.
#  File has not been updated.

# Not a target:
../obj/Base/ErrorID.o:
 
#  Implicit rule search has not been done.
#  Modification time never checked.
#  File has not been updated.

Debug_Main: create_dirs clean main.run
#  Implicit rule search has not been done.
#  Modification time never checked.
#  File has not been updated.

# Not a target:
../obj/Trader/WebUI/Server.o:
#  Implicit rule search has not been done.
#  Modification time never checked.
#  File has not been updated.

# Not a target:
../obj/Trader/TradeAccountSimulation.o:
#  Implicit rule search has not been done.
#  Modification time never checked.
#  File has not been updated.

# files hash-table stats:
# Load=62/1024=6%, Rehash=0, Collisions=10/191=5%
# VPATH Search Paths

# No 'vpath' search paths.

# No general ('VPATH' variable) search path.

# strcache buffers: 1 (0) / strings = 326 / storage = 5747 B / avg = 17 B
# current buf: size = 8162 B / used = 5747 B / count = 326 / avg = 17 B

# strcache performance: lookups = 497 / hit rate = 34%
# hash-table stats:
# Load=326/8192=4%, Rehash=0, Collisions=39/497=8%
# Finished Make data base on Wed Mar 30 20:26:47 2022

 
